2013/08/27 22:52:26 [error] [exception.CException] exception 'CException' with message 'Alias "bootstrap.widgets.TbGridView.php" is invalid. Make sure it points to an existing PHP file and the file is readable.' in C:\Program Files (x86)\Apache Software Foundation\Apache2.2\htdocs\yii\framework\YiiBase.php:316
Stack trace:
#0 C:\Program Files (x86)\Apache Software Foundation\Apache2.2\htdocs\yii\framework\web\CWidgetFactory.php(146): YiiBase::import('bootstrap.widge...', true)
#1 C:\Program Files (x86)\Apache Software Foundation\Apache2.2\htdocs\yii\framework\web\CBaseController.php(146): CWidgetFactory->createWidget(Object(SiteController), 'bootstrap.widge...', Array)
#2 C:\Program Files (x86)\Apache Software Foundation\Apache2.2\htdocs\yii\framework\web\CBaseController.php(172): CBaseController->createWidget('bootstrap.widge...', Array)
#3 C:\Program Files (x86)\Apache Software Foundation\Apache2.2\htdocs\proyectoestudio\univeonline\themes\bootstrap\views\layouts\main.php(49): CBaseController->widget('bootstrap.widge...', Array)
#4 C:\Program Files (x86)\Apache Software Foundation\Apache2.2\htdocs\yii\framework\web\CBaseController.php(126): require('C:\Program File...')
#5 C:\Program Files (x86)\Apache Software Foundation\Apache2.2\htdocs\yii\framework\web\CBaseController.php(95): CBaseController->renderInternal('C:\Program File...', Array, true)
#6 C:\Program Files (x86)\Apache Software Foundation\Apache2.2\htdocs\yii\framework\web\widgets\CContentDecorator.php(76): CBaseController->renderFile('C:\Program File...', Array, true)
#7 C:\Program Files (x86)\Apache Software Foundation\Apache2.2\htdocs\yii\framework\web\widgets\CContentDecorator.php(54): CContentDecorator->decorate('<div id="conten...')
#8 C:\Program Files (x86)\Apache Software Foundation\Apache2.2\htdocs\yii\framework\web\widgets\COutputProcessor.php(44): CContentDecorator->processOutput('<div id="conten...')
#9 C:\Program Files (x86)\Apache Software Foundation\Apache2.2\htdocs\yii\framework\web\CBaseController.php(206): COutputProcessor->run()
#10 C:\Program Files (x86)\Apache Software Foundation\Apache2.2\htdocs\yii\framework\web\CBaseController.php(300): CBaseController->endWidget('CContentDecorat...')
#11 C:\Program Files (x86)\Apache Software Foundation\Apache2.2\htdocs\proyectoestudio\univeonline\protected\views\layouts\column1.php(6): CBaseController->endContent()
#12 C:\Program Files (x86)\Apache Software Foundation\Apache2.2\htdocs\yii\framework\web\CBaseController.php(126): require('C:\Program File...')
#13 C:\Program Files (x86)\Apache Software Foundation\Apache2.2\htdocs\yii\framework\web\CBaseController.php(95): CBaseController->renderInternal('C:\Program File...', Array, true)
#14 C:\Program Files (x86)\Apache Software Foundation\Apache2.2\htdocs\yii\framework\web\CController.php(784): CBaseController->renderFile('C:\Program File...', Array, true)
#15 C:\Program Files (x86)\Apache Software Foundation\Apache2.2\htdocs\proyectoestudio\univeonline\protected\controllers\SiteController.php(32): CController->render('index')
#16 C:\Program Files (x86)\Apache Software Foundation\Apache2.2\htdocs\yii\framework\web\actions\CInlineAction.php(49): SiteController->actionIndex()
#17 C:\Program Files (x86)\Apache Software Foundation\Apache2.2\htdocs\yii\framework\web\CController.php(308): CInlineAction->runWithParams(Array)
#18 C:\Program Files (x86)\Apache Software Foundation\Apache2.2\htdocs\yii\framework\web\CController.php(286): CController->runAction(Object(CInlineAction))
#19 C:\Program Files (x86)\Apache Software Foundation\Apache2.2\htdocs\yii\framework\web\CController.php(265): CController->runActionWithFilters(Object(CInlineAction), Array)
#20 C:\Program Files (x86)\Apache Software Foundation\Apache2.2\htdocs\yii\framework\web\CWebApplication.php(282): CController->run('')
#21 C:\Program Files (x86)\Apache Software Foundation\Apache2.2\htdocs\yii\framework\web\CWebApplication.php(141): CWebApplication->runController('')
#22 C:\Program Files (x86)\Apache Software Foundation\Apache2.2\htdocs\yii\framework\base\CApplication.php(169): CWebApplication->processRequest()
#23 C:\Program Files (x86)\Apache Software Foundation\Apache2.2\htdocs\proyectoestudio\univeonline\index.php(13): CApplication->run()
#24 {main}
REQUEST_URI=/proyectoestudio/univeonline/index.php
HTTP_REFERER=http://localhost/proyectoestudio/univeonline/index.php?r=site/index
---
2013/08/27 22:52:32 [error] [exception.CException] exception 'CException' with message 'Alias "bootstrap.widgets.TbGridView.php" is invalid. Make sure it points to an existing PHP file and the file is readable.' in C:\Program Files (x86)\Apache Software Foundation\Apache2.2\htdocs\yii\framework\YiiBase.php:316
Stack trace:
#0 C:\Program Files (x86)\Apache Software Foundation\Apache2.2\htdocs\yii\framework\web\CWidgetFactory.php(146): YiiBase::import('bootstrap.widge...', true)
#1 C:\Program Files (x86)\Apache Software Foundation\Apache2.2\htdocs\yii\framework\web\CBaseController.php(146): CWidgetFactory->createWidget(Object(SiteController), 'bootstrap.widge...', Array)
#2 C:\Program Files (x86)\Apache Software Foundation\Apache2.2\htdocs\yii\framework\web\CBaseController.php(172): CBaseController->createWidget('bootstrap.widge...', Array)
#3 C:\Program Files (x86)\Apache Software Foundation\Apache2.2\htdocs\proyectoestudio\univeonline\themes\bootstrap\views\layouts\main.php(49): CBaseController->widget('bootstrap.widge...', Array)
#4 C:\Program Files (x86)\Apache Software Foundation\Apache2.2\htdocs\yii\framework\web\CBaseController.php(126): require('C:\Program File...')
#5 C:\Program Files (x86)\Apache Software Foundation\Apache2.2\htdocs\yii\framework\web\CBaseController.php(95): CBaseController->renderInternal('C:\Program File...', Array, true)
#6 C:\Program Files (x86)\Apache Software Foundation\Apache2.2\htdocs\yii\framework\web\widgets\CContentDecorator.php(76): CBaseController->renderFile('C:\Program File...', Array, true)
#7 C:\Program Files (x86)\Apache Software Foundation\Apache2.2\htdocs\yii\framework\web\widgets\CContentDecorator.php(54): CContentDecorator->decorate('<div id="conten...')
#8 C:\Program Files (x86)\Apache Software Foundation\Apache2.2\htdocs\yii\framework\web\widgets\COutputProcessor.php(44): CContentDecorator->processOutput('<div id="conten...')
#9 C:\Program Files (x86)\Apache Software Foundation\Apache2.2\htdocs\yii\framework\web\CBaseController.php(206): COutputProcessor->run()
#10 C:\Program Files (x86)\Apache Software Foundation\Apache2.2\htdocs\yii\framework\web\CBaseController.php(300): CBaseController->endWidget('CContentDecorat...')
#11 C:\Program Files (x86)\Apache Software Foundation\Apache2.2\htdocs\proyectoestudio\univeonline\protected\views\layouts\column1.php(6): CBaseController->endContent()
#12 C:\Program Files (x86)\Apache Software Foundation\Apache2.2\htdocs\yii\framework\web\CBaseController.php(126): require('C:\Program File...')
#13 C:\Program Files (x86)\Apache Software Foundation\Apache2.2\htdocs\yii\framework\web\CBaseController.php(95): CBaseController->renderInternal('C:\Program File...', Array, true)
#14 C:\Program Files (x86)\Apache Software Foundation\Apache2.2\htdocs\yii\framework\web\CController.php(784): CBaseController->renderFile('C:\Program File...', Array, true)
#15 C:\Program Files (x86)\Apache Software Foundation\Apache2.2\htdocs\proyectoestudio\univeonline\protected\controllers\SiteController.php(32): CController->render('index')
#16 C:\Program Files (x86)\Apache Software Foundation\Apache2.2\htdocs\yii\framework\web\actions\CInlineAction.php(49): SiteController->actionIndex()
#17 C:\Program Files (x86)\Apache Software Foundation\Apache2.2\htdocs\yii\framework\web\CController.php(308): CInlineAction->runWithParams(Array)
#18 C:\Program Files (x86)\Apache Software Foundation\Apache2.2\htdocs\yii\framework\web\CController.php(286): CController->runAction(Object(CInlineAction))
#19 C:\Program Files (x86)\Apache Software Foundation\Apache2.2\htdocs\yii\framework\web\CController.php(265): CController->runActionWithFilters(Object(CInlineAction), Array)
#20 C:\Program Files (x86)\Apache Software Foundation\Apache2.2\htdocs\yii\framework\web\CWebApplication.php(282): CController->run('')
#21 C:\Program Files (x86)\Apache Software Foundation\Apache2.2\htdocs\yii\framework\web\CWebApplication.php(141): CWebApplication->runController('')
#22 C:\Program Files (x86)\Apache Software Foundation\Apache2.2\htdocs\yii\framework\base\CApplication.php(169): CWebApplication->processRequest()
#23 C:\Program Files (x86)\Apache Software Foundation\Apache2.2\htdocs\proyectoestudio\univeonline\index.php(13): CApplication->run()
#24 {main}
REQUEST_URI=/proyectoestudio/univeonline/index.php
---
2013/08/27 22:52:33 [error] [exception.CException] exception 'CException' with message 'Alias "bootstrap.widgets.TbGridView.php" is invalid. Make sure it points to an existing PHP file and the file is readable.' in C:\Program Files (x86)\Apache Software Foundation\Apache2.2\htdocs\yii\framework\YiiBase.php:316
Stack trace:
#0 C:\Program Files (x86)\Apache Software Foundation\Apache2.2\htdocs\yii\framework\web\CWidgetFactory.php(146): YiiBase::import('bootstrap.widge...', true)
#1 C:\Program Files (x86)\Apache Software Foundation\Apache2.2\htdocs\yii\framework\web\CBaseController.php(146): CWidgetFactory->createWidget(Object(SiteController), 'bootstrap.widge...', Array)
#2 C:\Program Files (x86)\Apache Software Foundation\Apache2.2\htdocs\yii\framework\web\CBaseController.php(172): CBaseController->createWidget('bootstrap.widge...', Array)
#3 C:\Program Files (x86)\Apache Software Foundation\Apache2.2\htdocs\proyectoestudio\univeonline\themes\bootstrap\views\layouts\main.php(49): CBaseController->widget('bootstrap.widge...', Array)
#4 C:\Program Files (x86)\Apache Software Foundation\Apache2.2\htdocs\yii\framework\web\CBaseController.php(126): require('C:\Program File...')
#5 C:\Program Files (x86)\Apache Software Foundation\Apache2.2\htdocs\yii\framework\web\CBaseController.php(95): CBaseController->renderInternal('C:\Program File...', Array, true)
#6 C:\Program Files (x86)\Apache Software Foundation\Apache2.2\htdocs\yii\framework\web\widgets\CContentDecorator.php(76): CBaseController->renderFile('C:\Program File...', Array, true)
#7 C:\Program Files (x86)\Apache Software Foundation\Apache2.2\htdocs\yii\framework\web\widgets\CContentDecorator.php(54): CContentDecorator->decorate('<div id="conten...')
#8 C:\Program Files (x86)\Apache Software Foundation\Apache2.2\htdocs\yii\framework\web\widgets\COutputProcessor.php(44): CContentDecorator->processOutput('<div id="conten...')
#9 C:\Program Files (x86)\Apache Software Foundation\Apache2.2\htdocs\yii\framework\web\CBaseController.php(206): COutputProcessor->run()
#10 C:\Program Files (x86)\Apache Software Foundation\Apache2.2\htdocs\yii\framework\web\CBaseController.php(300): CBaseController->endWidget('CContentDecorat...')
#11 C:\Program Files (x86)\Apache Software Foundation\Apache2.2\htdocs\proyectoestudio\univeonline\protected\views\layouts\column1.php(6): CBaseController->endContent()
#12 C:\Program Files (x86)\Apache Software Foundation\Apache2.2\htdocs\yii\framework\web\CBaseController.php(126): require('C:\Program File...')
#13 C:\Program Files (x86)\Apache Software Foundation\Apache2.2\htdocs\yii\framework\web\CBaseController.php(95): CBaseController->renderInternal('C:\Program File...', Array, true)
#14 C:\Program Files (x86)\Apache Software Foundation\Apache2.2\htdocs\yii\framework\web\CController.php(784): CBaseController->renderFile('C:\Program File...', Array, true)
#15 C:\Program Files (x86)\Apache Software Foundation\Apache2.2\htdocs\proyectoestudio\univeonline\protected\controllers\SiteController.php(32): CController->render('index')
#16 C:\Program Files (x86)\Apache Software Foundation\Apache2.2\htdocs\yii\framework\web\actions\CInlineAction.php(49): SiteController->actionIndex()
#17 C:\Program Files (x86)\Apache Software Foundation\Apache2.2\htdocs\yii\framework\web\CController.php(308): CInlineAction->runWithParams(Array)
#18 C:\Program Files (x86)\Apache Software Foundation\Apache2.2\htdocs\yii\framework\web\CController.php(286): CController->runAction(Object(CInlineAction))
#19 C:\Program Files (x86)\Apache Software Foundation\Apache2.2\htdocs\yii\framework\web\CController.php(265): CController->runActionWithFilters(Object(CInlineAction), Array)
#20 C:\Program Files (x86)\Apache Software Foundation\Apache2.2\htdocs\yii\framework\web\CWebApplication.php(282): CController->run('')
#21 C:\Program Files (x86)\Apache Software Foundation\Apache2.2\htdocs\yii\framework\web\CWebApplication.php(141): CWebApplication->runController('')
#22 C:\Program Files (x86)\Apache Software Foundation\Apache2.2\htdocs\yii\framework\base\CApplication.php(169): CWebApplication->processRequest()
#23 C:\Program Files (x86)\Apache Software Foundation\Apache2.2\htdocs\proyectoestudio\univeonline\index.php(13): CApplication->run()
#24 {main}
REQUEST_URI=/proyectoestudio/univeonline/index.php
---
2013/08/27 22:52:34 [error] [exception.CException] exception 'CException' with message 'Alias "bootstrap.widgets.TbGridView.php" is invalid. Make sure it points to an existing PHP file and the file is readable.' in C:\Program Files (x86)\Apache Software Foundation\Apache2.2\htdocs\yii\framework\YiiBase.php:316
Stack trace:
#0 C:\Program Files (x86)\Apache Software Foundation\Apache2.2\htdocs\yii\framework\web\CWidgetFactory.php(146): YiiBase::import('bootstrap.widge...', true)
#1 C:\Program Files (x86)\Apache Software Foundation\Apache2.2\htdocs\yii\framework\web\CBaseController.php(146): CWidgetFactory->createWidget(Object(SiteController), 'bootstrap.widge...', Array)
#2 C:\Program Files (x86)\Apache Software Foundation\Apache2.2\htdocs\yii\framework\web\CBaseController.php(172): CBaseController->createWidget('bootstrap.widge...', Array)
#3 C:\Program Files (x86)\Apache Software Foundation\Apache2.2\htdocs\proyectoestudio\univeonline\themes\bootstrap\views\layouts\main.php(49): CBaseController->widget('bootstrap.widge...', Array)
#4 C:\Program Files (x86)\Apache Software Foundation\Apache2.2\htdocs\yii\framework\web\CBaseController.php(126): require('C:\Program File...')
#5 C:\Program Files (x86)\Apache Software Foundation\Apache2.2\htdocs\yii\framework\web\CBaseController.php(95): CBaseController->renderInternal('C:\Program File...', Array, true)
#6 C:\Program Files (x86)\Apache Software Foundation\Apache2.2\htdocs\yii\framework\web\widgets\CContentDecorator.php(76): CBaseController->renderFile('C:\Program File...', Array, true)
#7 C:\Program Files (x86)\Apache Software Foundation\Apache2.2\htdocs\yii\framework\web\widgets\CContentDecorator.php(54): CContentDecorator->decorate('<div id="conten...')
#8 C:\Program Files (x86)\Apache Software Foundation\Apache2.2\htdocs\yii\framework\web\widgets\COutputProcessor.php(44): CContentDecorator->processOutput('<div id="conten...')
#9 C:\Program Files (x86)\Apache Software Foundation\Apache2.2\htdocs\yii\framework\web\CBaseController.php(206): COutputProcessor->run()
#10 C:\Program Files (x86)\Apache Software Foundation\Apache2.2\htdocs\yii\framework\web\CBaseController.php(300): CBaseController->endWidget('CContentDecorat...')
#11 C:\Program Files (x86)\Apache Software Foundation\Apache2.2\htdocs\proyectoestudio\univeonline\protected\views\layouts\column1.php(6): CBaseController->endContent()
#12 C:\Program Files (x86)\Apache Software Foundation\Apache2.2\htdocs\yii\framework\web\CBaseController.php(126): require('C:\Program File...')
#13 C:\Program Files (x86)\Apache Software Foundation\Apache2.2\htdocs\yii\framework\web\CBaseController.php(95): CBaseController->renderInternal('C:\Program File...', Array, true)
#14 C:\Program Files (x86)\Apache Software Foundation\Apache2.2\htdocs\yii\framework\web\CController.php(784): CBaseController->renderFile('C:\Program File...', Array, true)
#15 C:\Program Files (x86)\Apache Software Foundation\Apache2.2\htdocs\proyectoestudio\univeonline\protected\controllers\SiteController.php(32): CController->render('index')
#16 C:\Program Files (x86)\Apache Software Foundation\Apache2.2\htdocs\yii\framework\web\actions\CInlineAction.php(49): SiteController->actionIndex()
#17 C:\Program Files (x86)\Apache Software Foundation\Apache2.2\htdocs\yii\framework\web\CController.php(308): CInlineAction->runWithParams(Array)
#18 C:\Program Files (x86)\Apache Software Foundation\Apache2.2\htdocs\yii\framework\web\CController.php(286): CController->runAction(Object(CInlineAction))
#19 C:\Program Files (x86)\Apache Software Foundation\Apache2.2\htdocs\yii\framework\web\CController.php(265): CController->runActionWithFilters(Object(CInlineAction), Array)
#20 C:\Program Files (x86)\Apache Software Foundation\Apache2.2\htdocs\yii\framework\web\CWebApplication.php(282): CController->run('')
#21 C:\Program Files (x86)\Apache Software Foundation\Apache2.2\htdocs\yii\framework\web\CWebApplication.php(141): CWebApplication->runController('')
#22 C:\Program Files (x86)\Apache Software Foundation\Apache2.2\htdocs\yii\framework\base\CApplication.php(169): CWebApplication->processRequest()
#23 C:\Program Files (x86)\Apache Software Foundation\Apache2.2\htdocs\proyectoestudio\univeonline\index.php(13): CApplication->run()
#24 {main}
REQUEST_URI=/proyectoestudio/univeonline/index.php
---
2013/08/28 19:56:57 [error] [exception.CException] exception 'CException' with message 'Alias "bootstrap.widgets.TbGridView.php" is invalid. Make sure it points to an existing PHP file and the file is readable.' in C:\Program Files (x86)\Apache Software Foundation\Apache2.2\htdocs\yii\framework\YiiBase.php:316
Stack trace:
#0 C:\Program Files (x86)\Apache Software Foundation\Apache2.2\htdocs\yii\framework\web\CWidgetFactory.php(146): YiiBase::import('bootstrap.widge...', true)
#1 C:\Program Files (x86)\Apache Software Foundation\Apache2.2\htdocs\yii\framework\web\CBaseController.php(146): CWidgetFactory->createWidget(Object(SiteController), 'bootstrap.widge...', Array)
#2 C:\Program Files (x86)\Apache Software Foundation\Apache2.2\htdocs\yii\framework\web\CBaseController.php(172): CBaseController->createWidget('bootstrap.widge...', Array)
#3 C:\Program Files (x86)\Apache Software Foundation\Apache2.2\htdocs\proyectoestudio\univeonline\themes\bootstrap\views\layouts\main.php(49): CBaseController->widget('bootstrap.widge...', Array)
#4 C:\Program Files (x86)\Apache Software Foundation\Apache2.2\htdocs\yii\framework\web\CBaseController.php(126): require('C:\Program File...')
#5 C:\Program Files (x86)\Apache Software Foundation\Apache2.2\htdocs\yii\framework\web\CBaseController.php(95): CBaseController->renderInternal('C:\Program File...', Array, true)
#6 C:\Program Files (x86)\Apache Software Foundation\Apache2.2\htdocs\yii\framework\web\widgets\CContentDecorator.php(76): CBaseController->renderFile('C:\Program File...', Array, true)
#7 C:\Program Files (x86)\Apache Software Foundation\Apache2.2\htdocs\yii\framework\web\widgets\CContentDecorator.php(54): CContentDecorator->decorate('<div id="conten...')
#8 C:\Program Files (x86)\Apache Software Foundation\Apache2.2\htdocs\yii\framework\web\widgets\COutputProcessor.php(44): CContentDecorator->processOutput('<div id="conten...')
#9 C:\Program Files (x86)\Apache Software Foundation\Apache2.2\htdocs\yii\framework\web\CBaseController.php(206): COutputProcessor->run()
#10 C:\Program Files (x86)\Apache Software Foundation\Apache2.2\htdocs\yii\framework\web\CBaseController.php(300): CBaseController->endWidget('CContentDecorat...')
#11 C:\Program Files (x86)\Apache Software Foundation\Apache2.2\htdocs\proyectoestudio\univeonline\protected\views\layouts\column1.php(6): CBaseController->endContent()
#12 C:\Program Files (x86)\Apache Software Foundation\Apache2.2\htdocs\yii\framework\web\CBaseController.php(126): require('C:\Program File...')
#13 C:\Program Files (x86)\Apache Software Foundation\Apache2.2\htdocs\yii\framework\web\CBaseController.php(95): CBaseController->renderInternal('C:\Program File...', Array, true)
#14 C:\Program Files (x86)\Apache Software Foundation\Apache2.2\htdocs\yii\framework\web\CController.php(784): CBaseController->renderFile('C:\Program File...', Array, true)
#15 C:\Program Files (x86)\Apache Software Foundation\Apache2.2\htdocs\proyectoestudio\univeonline\protected\controllers\SiteController.php(32): CController->render('index')
#16 C:\Program Files (x86)\Apache Software Foundation\Apache2.2\htdocs\yii\framework\web\actions\CInlineAction.php(49): SiteController->actionIndex()
#17 C:\Program Files (x86)\Apache Software Foundation\Apache2.2\htdocs\yii\framework\web\CController.php(308): CInlineAction->runWithParams(Array)
#18 C:\Program Files (x86)\Apache Software Foundation\Apache2.2\htdocs\yii\framework\web\CController.php(286): CController->runAction(Object(CInlineAction))
#19 C:\Program Files (x86)\Apache Software Foundation\Apache2.2\htdocs\yii\framework\web\CController.php(265): CController->runActionWithFilters(Object(CInlineAction), Array)
#20 C:\Program Files (x86)\Apache Software Foundation\Apache2.2\htdocs\yii\framework\web\CWebApplication.php(282): CController->run('')
#21 C:\Program Files (x86)\Apache Software Foundation\Apache2.2\htdocs\yii\framework\web\CWebApplication.php(141): CWebApplication->runController('')
#22 C:\Program Files (x86)\Apache Software Foundation\Apache2.2\htdocs\yii\framework\base\CApplication.php(169): CWebApplication->processRequest()
#23 C:\Program Files (x86)\Apache Software Foundation\Apache2.2\htdocs\proyectoestudio\univeonline\index.php(13): CApplication->run()
#24 {main}
REQUEST_URI=/proyectoestudio/univeonline/
---
2013/08/28 19:58:27 [error] [exception.CHttpException.404] exception 'CHttpException' with message 'The requested view "index" was not found.' in C:\Program Files (x86)\Apache Software Foundation\Apache2.2\htdocs\yii\framework\web\actions\CViewAction.php:112
Stack trace:
#0 C:\Program Files (x86)\Apache Software Foundation\Apache2.2\htdocs\yii\framework\web\actions\CViewAction.php(123): CViewAction->resolveView('index')
#1 C:\Program Files (x86)\Apache Software Foundation\Apache2.2\htdocs\yii\framework\web\actions\CAction.php(76): CViewAction->run()
#2 C:\Program Files (x86)\Apache Software Foundation\Apache2.2\htdocs\yii\framework\web\CController.php(308): CAction->runWithParams(Array)
#3 C:\Program Files (x86)\Apache Software Foundation\Apache2.2\htdocs\yii\framework\web\CController.php(286): CController->runAction(Object(CViewAction))
#4 C:\Program Files (x86)\Apache Software Foundation\Apache2.2\htdocs\yii\framework\web\CController.php(265): CController->runActionWithFilters(Object(CViewAction), Array)
#5 C:\Program Files (x86)\Apache Software Foundation\Apache2.2\htdocs\yii\framework\web\CWebApplication.php(282): CController->run('page')
#6 C:\Program Files (x86)\Apache Software Foundation\Apache2.2\htdocs\yii\framework\web\CWebApplication.php(141): CWebApplication->runController('site/page')
#7 C:\Program Files (x86)\Apache Software Foundation\Apache2.2\htdocs\yii\framework\base\CApplication.php(169): CWebApplication->processRequest()
#8 C:\Program Files (x86)\Apache Software Foundation\Apache2.2\htdocs\proyectoestudio\univeonline\index.php(13): CApplication->run()
#9 {main}
REQUEST_URI=/proyectoestudio/univeonline/index.php?r=site/page
HTTP_REFERER=http://localhost/proyectoestudio/univeonline/index.php?r=site/page&view=about
---
2013/08/28 21:33:26 [error] [exception.CException] exception 'CException' with message 'El alias "bootstrap.widgets.TbGridView.php" es inválido. Asegúrese de que apunta a un archivo PHP y el archivo tiene permisos de lectura.' in C:\Program Files (x86)\Apache Software Foundation\Apache2.2\htdocs\yii\framework\YiiBase.php:316
Stack trace:
#0 C:\Program Files (x86)\Apache Software Foundation\Apache2.2\htdocs\yii\framework\web\CWidgetFactory.php(146): YiiBase::import('bootstrap.widge...', true)
#1 C:\Program Files (x86)\Apache Software Foundation\Apache2.2\htdocs\yii\framework\web\CBaseController.php(146): CWidgetFactory->createWidget(Object(SiteController), 'bootstrap.widge...', Array)
#2 C:\Program Files (x86)\Apache Software Foundation\Apache2.2\htdocs\yii\framework\web\CBaseController.php(172): CBaseController->createWidget('bootstrap.widge...', Array)
#3 C:\Program Files (x86)\Apache Software Foundation\Apache2.2\htdocs\proyectoestudio\univeonline\themes\bootstrap\views\layouts\main.php(49): CBaseController->widget('bootstrap.widge...', Array)
#4 C:\Program Files (x86)\Apache Software Foundation\Apache2.2\htdocs\yii\framework\web\CBaseController.php(126): require('C:\Program File...')
#5 C:\Program Files (x86)\Apache Software Foundation\Apache2.2\htdocs\yii\framework\web\CBaseController.php(95): CBaseController->renderInternal('C:\Program File...', Array, true)
#6 C:\Program Files (x86)\Apache Software Foundation\Apache2.2\htdocs\yii\framework\web\widgets\CContentDecorator.php(76): CBaseController->renderFile('C:\Program File...', Array, true)
#7 C:\Program Files (x86)\Apache Software Foundation\Apache2.2\htdocs\yii\framework\web\widgets\CContentDecorator.php(54): CContentDecorator->decorate('<div id="conten...')
#8 C:\Program Files (x86)\Apache Software Foundation\Apache2.2\htdocs\yii\framework\web\widgets\COutputProcessor.php(44): CContentDecorator->processOutput('<div id="conten...')
#9 C:\Program Files (x86)\Apache Software Foundation\Apache2.2\htdocs\yii\framework\web\CBaseController.php(206): COutputProcessor->run()
#10 C:\Program Files (x86)\Apache Software Foundation\Apache2.2\htdocs\yii\framework\web\CBaseController.php(300): CBaseController->endWidget('CContentDecorat...')
#11 C:\Program Files (x86)\Apache Software Foundation\Apache2.2\htdocs\proyectoestudio\univeonline\protected\views\layouts\column1.php(6): CBaseController->endContent()
#12 C:\Program Files (x86)\Apache Software Foundation\Apache2.2\htdocs\yii\framework\web\CBaseController.php(126): require('C:\Program File...')
#13 C:\Program Files (x86)\Apache Software Foundation\Apache2.2\htdocs\yii\framework\web\CBaseController.php(95): CBaseController->renderInternal('C:\Program File...', Array, true)
#14 C:\Program Files (x86)\Apache Software Foundation\Apache2.2\htdocs\yii\framework\web\CController.php(784): CBaseController->renderFile('C:\Program File...', Array, true)
#15 C:\Program Files (x86)\Apache Software Foundation\Apache2.2\htdocs\proyectoestudio\univeonline\protected\controllers\SiteController.php(32): CController->render('index')
#16 C:\Program Files (x86)\Apache Software Foundation\Apache2.2\htdocs\yii\framework\web\actions\CInlineAction.php(49): SiteController->actionIndex()
#17 C:\Program Files (x86)\Apache Software Foundation\Apache2.2\htdocs\yii\framework\web\CController.php(308): CInlineAction->runWithParams(Array)
#18 C:\Program Files (x86)\Apache Software Foundation\Apache2.2\htdocs\yii\framework\web\CController.php(286): CController->runAction(Object(CInlineAction))
#19 C:\Program Files (x86)\Apache Software Foundation\Apache2.2\htdocs\yii\framework\web\CController.php(265): CController->runActionWithFilters(Object(CInlineAction), Array)
#20 C:\Program Files (x86)\Apache Software Foundation\Apache2.2\htdocs\yii\framework\web\CWebApplication.php(282): CController->run('')
#21 C:\Program Files (x86)\Apache Software Foundation\Apache2.2\htdocs\yii\framework\web\CWebApplication.php(141): CWebApplication->runController('')
#22 C:\Program Files (x86)\Apache Software Foundation\Apache2.2\htdocs\yii\framework\base\CApplication.php(169): CWebApplication->processRequest()
#23 C:\Program Files (x86)\Apache Software Foundation\Apache2.2\htdocs\proyectoestudio\univeonline\index.php(13): CApplication->run()
#24 {main}
REQUEST_URI=/proyectoestudio/univeonline/index.php
HTTP_REFERER=http://localhost/proyectoestudio/univeonline/index.php?r=site/index
---
2013/08/28 21:48:59 [error] [exception.CException] exception 'CException' with message 'La propiedad "dataProvider" no puede estar vacia.' in C:\Program Files (x86)\Apache Software Foundation\Apache2.2\htdocs\yii\framework\zii\widgets\CBaseListView.php:105
Stack trace:
#0 C:\Program Files (x86)\Apache Software Foundation\Apache2.2\htdocs\yii\framework\zii\widgets\grid\CGridView.php(314): CBaseListView->init()
#1 C:\Program Files (x86)\Apache Software Foundation\Apache2.2\htdocs\proyectoestudio\univeonline\protected\extensions\bootstrap\widgets\TbGridView.php(49): CGridView->init()
#2 C:\Program Files (x86)\Apache Software Foundation\Apache2.2\htdocs\yii\framework\web\CBaseController.php(147): TbGridView->init()
#3 C:\Program Files (x86)\Apache Software Foundation\Apache2.2\htdocs\yii\framework\web\CBaseController.php(172): CBaseController->createWidget('bootstrap.widge...', Array)
#4 C:\Program Files (x86)\Apache Software Foundation\Apache2.2\htdocs\proyectoestudio\univeonline\themes\bootstrap\views\layouts\main.php(49): CBaseController->widget('bootstrap.widge...', Array)
#5 C:\Program Files (x86)\Apache Software Foundation\Apache2.2\htdocs\yii\framework\web\CBaseController.php(126): require('C:\Program File...')
#6 C:\Program Files (x86)\Apache Software Foundation\Apache2.2\htdocs\yii\framework\web\CBaseController.php(95): CBaseController->renderInternal('C:\Program File...', Array, true)
#7 C:\Program Files (x86)\Apache Software Foundation\Apache2.2\htdocs\yii\framework\web\widgets\CContentDecorator.php(76): CBaseController->renderFile('C:\Program File...', Array, true)
#8 C:\Program Files (x86)\Apache Software Foundation\Apache2.2\htdocs\yii\framework\web\widgets\CContentDecorator.php(54): CContentDecorator->decorate('<div id="conten...')
#9 C:\Program Files (x86)\Apache Software Foundation\Apache2.2\htdocs\yii\framework\web\widgets\COutputProcessor.php(44): CContentDecorator->processOutput('<div id="conten...')
#10 C:\Program Files (x86)\Apache Software Foundation\Apache2.2\htdocs\yii\framework\web\CBaseController.php(206): COutputProcessor->run()
#11 C:\Program Files (x86)\Apache Software Foundation\Apache2.2\htdocs\yii\framework\web\CBaseController.php(300): CBaseController->endWidget('CContentDecorat...')
#12 C:\Program Files (x86)\Apache Software Foundation\Apache2.2\htdocs\proyectoestudio\univeonline\protected\views\layouts\column1.php(6): CBaseController->endContent()
#13 C:\Program Files (x86)\Apache Software Foundation\Apache2.2\htdocs\yii\framework\web\CBaseController.php(126): require('C:\Program File...')
#14 C:\Program Files (x86)\Apache Software Foundation\Apache2.2\htdocs\yii\framework\web\CBaseController.php(95): CBaseController->renderInternal('C:\Program File...', Array, true)
#15 C:\Program Files (x86)\Apache Software Foundation\Apache2.2\htdocs\yii\framework\web\CController.php(784): CBaseController->renderFile('C:\Program File...', Array, true)
#16 C:\Program Files (x86)\Apache Software Foundation\Apache2.2\htdocs\proyectoestudio\univeonline\protected\controllers\SiteController.php(32): CController->render('index')
#17 C:\Program Files (x86)\Apache Software Foundation\Apache2.2\htdocs\yii\framework\web\actions\CInlineAction.php(49): SiteController->actionIndex()
#18 C:\Program Files (x86)\Apache Software Foundation\Apache2.2\htdocs\yii\framework\web\CController.php(308): CInlineAction->runWithParams(Array)
#19 C:\Program Files (x86)\Apache Software Foundation\Apache2.2\htdocs\yii\framework\web\CController.php(286): CController->runAction(Object(CInlineAction))
#20 C:\Program Files (x86)\Apache Software Foundation\Apache2.2\htdocs\yii\framework\web\CController.php(265): CController->runActionWithFilters(Object(CInlineAction), Array)
#21 C:\Program Files (x86)\Apache Software Foundation\Apache2.2\htdocs\yii\framework\web\CWebApplication.php(282): CController->run('')
#22 C:\Program Files (x86)\Apache Software Foundation\Apache2.2\htdocs\yii\framework\web\CWebApplication.php(141): CWebApplication->runController('')
#23 C:\Program Files (x86)\Apache Software Foundation\Apache2.2\htdocs\yii\framework\base\CApplication.php(169): CWebApplication->processRequest()
#24 C:\Program Files (x86)\Apache Software Foundation\Apache2.2\htdocs\proyectoestudio\univeonline\index.php(13): CApplication->run()
#25 {main}
REQUEST_URI=/proyectoestudio/univeonline/index.php
HTTP_REFERER=http://localhost/proyectoestudio/univeonline/index.php?r=site/index
---
2013/08/28 22:47:52 [error] [php] include(Post.php): failed to open stream: No such file or directory (C:\Program Files (x86)\Apache Software Foundation\Apache2.2\htdocs\yii\framework\YiiBase.php:421)
Stack trace:
#0 C:\Program Files (x86)\Apache Software Foundation\Apache2.2\htdocs\yii\framework\db\ar\CActiveRecord.php(386): spl_autoload_call()
#1 C:\Program Files (x86)\Apache Software Foundation\Apache2.2\htdocs\yii\framework\web\CActiveDataProvider.php(74): model()
#2 C:\Program Files (x86)\Apache Software Foundation\Apache2.2\htdocs\proyectoestudio\univeonline\themes\bootstrap\views\layouts\main.php(47): CActiveDataProvider->__construct()
#3 C:\Program Files (x86)\Apache Software Foundation\Apache2.2\htdocs\yii\framework\web\CBaseController.php(126): require()
#4 C:\Program Files (x86)\Apache Software Foundation\Apache2.2\htdocs\yii\framework\web\CBaseController.php(95): SiteController->renderInternal()
#5 C:\Program Files (x86)\Apache Software Foundation\Apache2.2\htdocs\yii\framework\web\widgets\CContentDecorator.php(76): SiteController->renderFile()
#6 C:\Program Files (x86)\Apache Software Foundation\Apache2.2\htdocs\yii\framework\web\widgets\CContentDecorator.php(54): CContentDecorator->decorate()
#7 C:\Program Files (x86)\Apache Software Foundation\Apache2.2\htdocs\yii\framework\web\widgets\COutputProcessor.php(44): CContentDecorator->processOutput()
#8 C:\Program Files (x86)\Apache Software Foundation\Apache2.2\htdocs\yii\framework\web\CBaseController.php(206): CContentDecorator->run()
#9 C:\Program Files (x86)\Apache Software Foundation\Apache2.2\htdocs\yii\framework\web\CBaseController.php(300): SiteController->endWidget()
#10 C:\Program Files (x86)\Apache Software Foundation\Apache2.2\htdocs\proyectoestudio\univeonline\protected\views\layouts\column1.php(6): SiteController->endContent()
#11 C:\Program Files (x86)\Apache Software Foundation\Apache2.2\htdocs\yii\framework\web\CBaseController.php(126): require()
#12 C:\Program Files (x86)\Apache Software Foundation\Apache2.2\htdocs\yii\framework\web\CBaseController.php(95): SiteController->renderInternal()
#13 C:\Program Files (x86)\Apache Software Foundation\Apache2.2\htdocs\yii\framework\web\CController.php(784): SiteController->renderFile()
#14 C:\Program Files (x86)\Apache Software Foundation\Apache2.2\htdocs\proyectoestudio\univeonline\protected\controllers\SiteController.php(32): SiteController->render()
#15 C:\Program Files (x86)\Apache Software Foundation\Apache2.2\htdocs\yii\framework\web\actions\CInlineAction.php(49): SiteController->actionIndex()
#16 C:\Program Files (x86)\Apache Software Foundation\Apache2.2\htdocs\yii\framework\web\CController.php(308): CInlineAction->runWithParams()
#17 C:\Program Files (x86)\Apache Software Foundation\Apache2.2\htdocs\yii\framework\web\CController.php(286): SiteController->runAction()
#18 C:\Program Files (x86)\Apache Software Foundation\Apache2.2\htdocs\yii\framework\web\CController.php(265): SiteController->runActionWithFilters()
#19 C:\Program Files (x86)\Apache Software Foundation\Apache2.2\htdocs\yii\framework\web\CWebApplication.php(282): SiteController->run()
#20 C:\Program Files (x86)\Apache Software Foundation\Apache2.2\htdocs\yii\framework\web\CWebApplication.php(141): CWebApplication->runController()
#21 C:\Program Files (x86)\Apache Software Foundation\Apache2.2\htdocs\yii\framework\base\CApplication.php(169): CWebApplication->processRequest()
#22 C:\Program Files (x86)\Apache Software Foundation\Apache2.2\htdocs\proyectoestudio\univeonline\index.php(13): CWebApplication->run()
REQUEST_URI=/proyectoestudio/univeonline/index.php
in C:\Program Files (x86)\Apache Software Foundation\Apache2.2\htdocs\proyectoestudio\univeonline\themes\bootstrap\views\layouts\main.php (47)
in C:\Program Files (x86)\Apache Software Foundation\Apache2.2\htdocs\proyectoestudio\univeonline\protected\views\layouts\column1.php (6)
in C:\Program Files (x86)\Apache Software Foundation\Apache2.2\htdocs\proyectoestudio\univeonline\protected\controllers\SiteController.php (32)
2013/08/29 11:09:59 [error] [exception.CHttpException.404] exception 'CHttpException' with message 'El sistema no ha podido encontrar la acción "buscar" solicitada.' in C:\Program Files (x86)\Apache Software Foundation\Apache2.2\htdocs\yii\framework\web\CController.php:483
Stack trace:
#0 C:\Program Files (x86)\Apache Software Foundation\Apache2.2\htdocs\yii\framework\web\CController.php(270): CController->missingAction('buscar')
#1 C:\Program Files (x86)\Apache Software Foundation\Apache2.2\htdocs\yii\framework\web\CWebApplication.php(282): CController->run('buscar')
#2 C:\Program Files (x86)\Apache Software Foundation\Apache2.2\htdocs\yii\framework\web\CWebApplication.php(141): CWebApplication->runController('site/buscar')
#3 C:\Program Files (x86)\Apache Software Foundation\Apache2.2\htdocs\yii\framework\base\CApplication.php(169): CWebApplication->processRequest()
#4 C:\Program Files (x86)\Apache Software Foundation\Apache2.2\htdocs\proyectoestudio\univeonline\index.php(13): CApplication->run()
#5 {main}
REQUEST_URI=/proyectoestudio/univeonline/index.php?r=site/buscar
HTTP_REFERER=http://localhost/proyectoestudio/univeonline/index.php?r=site/index
---
2013/08/29 15:33:08 [error] [exception.CException] exception 'CException' with message 'Propiedad "CWebApplication"."extension" no se encuentra definida.' in C:\Program Files (x86)\Apache Software Foundation\Apache2.2\htdocs\yii\framework\base\CComponent.php:130
Stack trace:
#0 C:\Program Files (x86)\Apache Software Foundation\Apache2.2\htdocs\yii\framework\base\CModule.php(105): CComponent->__get('extension')
#1 C:\Program Files (x86)\Apache Software Foundation\Apache2.2\htdocs\proyectoestudio\univeonline\themes\bootstrap\views\layouts\main.php(9): CModule->__get('extension')
#2 C:\Program Files (x86)\Apache Software Foundation\Apache2.2\htdocs\yii\framework\web\CBaseController.php(126): require('C:\Program File...')
#3 C:\Program Files (x86)\Apache Software Foundation\Apache2.2\htdocs\yii\framework\web\CBaseController.php(95): CBaseController->renderInternal('C:\Program File...', Array, true)
#4 C:\Program Files (x86)\Apache Software Foundation\Apache2.2\htdocs\yii\framework\web\widgets\CContentDecorator.php(76): CBaseController->renderFile('C:\Program File...', Array, true)
#5 C:\Program Files (x86)\Apache Software Foundation\Apache2.2\htdocs\yii\framework\web\widgets\CContentDecorator.php(54): CContentDecorator->decorate('<div id="conten...')
#6 C:\Program Files (x86)\Apache Software Foundation\Apache2.2\htdocs\yii\framework\web\widgets\COutputProcessor.php(44): CContentDecorator->processOutput('<div id="conten...')
#7 C:\Program Files (x86)\Apache Software Foundation\Apache2.2\htdocs\yii\framework\web\CBaseController.php(206): COutputProcessor->run()
#8 C:\Program Files (x86)\Apache Software Foundation\Apache2.2\htdocs\yii\framework\web\CBaseController.php(300): CBaseController->endWidget('CContentDecorat...')
#9 C:\Program Files (x86)\Apache Software Foundation\Apache2.2\htdocs\proyectoestudio\univeonline\protected\views\layouts\column1.php(6): CBaseController->endContent()
#10 C:\Program Files (x86)\Apache Software Foundation\Apache2.2\htdocs\yii\framework\web\CBaseController.php(126): require('C:\Program File...')
#11 C:\Program Files (x86)\Apache Software Foundation\Apache2.2\htdocs\yii\framework\web\CBaseController.php(95): CBaseController->renderInternal('C:\Program File...', Array, true)
#12 C:\Program Files (x86)\Apache Software Foundation\Apache2.2\htdocs\yii\framework\web\CController.php(784): CBaseController->renderFile('C:\Program File...', Array, true)
#13 C:\Program Files (x86)\Apache Software Foundation\Apache2.2\htdocs\proyectoestudio\univeonline\protected\controllers\SiteController.php(32): CController->render('index')
#14 C:\Program Files (x86)\Apache Software Foundation\Apache2.2\htdocs\yii\framework\web\actions\CInlineAction.php(49): SiteController->actionIndex()
#15 C:\Program Files (x86)\Apache Software Foundation\Apache2.2\htdocs\yii\framework\web\CController.php(308): CInlineAction->runWithParams(Array)
#16 C:\Program Files (x86)\Apache Software Foundation\Apache2.2\htdocs\yii\framework\web\CController.php(286): CController->runAction(Object(CInlineAction))
#17 C:\Program Files (x86)\Apache Software Foundation\Apache2.2\htdocs\yii\framework\web\CController.php(265): CController->runActionWithFilters(Object(CInlineAction), Array)
#18 C:\Program Files (x86)\Apache Software Foundation\Apache2.2\htdocs\yii\framework\web\CWebApplication.php(282): CController->run('')
#19 C:\Program Files (x86)\Apache Software Foundation\Apache2.2\htdocs\yii\framework\web\CWebApplication.php(141): CWebApplication->runController('')
#20 C:\Program Files (x86)\Apache Software Foundation\Apache2.2\htdocs\yii\framework\base\CApplication.php(169): CWebApplication->processRequest()
#21 C:\Program Files (x86)\Apache Software Foundation\Apache2.2\htdocs\proyectoestudio\univeonline\index.php(13): CApplication->run()
#22 {main}
REQUEST_URI=/proyectoestudio/univeonline/index.php
HTTP_REFERER=http://localhost/proyectoestudio/univeonline/index.php?r=site/login
---
2013/08/29 17:42:27 [error] [php] Missing argument 1 for CAssetManager::publish(), called in C:\Program Files (x86)\Apache Software Foundation\Apache2.2\htdocs\proyectoestudio\univeonline\themes\bootstrap\views\layouts\main.php on line 15 and defined (C:\Program Files (x86)\Apache Software Foundation\Apache2.2\htdocs\yii\framework\web\CAssetManager.php:206)
Stack trace:
#0 C:\Program Files (x86)\Apache Software Foundation\Apache2.2\htdocs\yii\framework\web\CBaseController.php(95): SiteController->renderInternal()
#1 C:\Program Files (x86)\Apache Software Foundation\Apache2.2\htdocs\yii\framework\web\widgets\CContentDecorator.php(76): SiteController->renderFile()
#2 C:\Program Files (x86)\Apache Software Foundation\Apache2.2\htdocs\yii\framework\web\widgets\CContentDecorator.php(54): CContentDecorator->decorate()
#3 C:\Program Files (x86)\Apache Software Foundation\Apache2.2\htdocs\yii\framework\web\widgets\COutputProcessor.php(44): CContentDecorator->processOutput()
#4 C:\Program Files (x86)\Apache Software Foundation\Apache2.2\htdocs\yii\framework\web\CBaseController.php(206): CContentDecorator->run()
#5 C:\Program Files (x86)\Apache Software Foundation\Apache2.2\htdocs\yii\framework\web\CBaseController.php(300): SiteController->endWidget()
#6 C:\Program Files (x86)\Apache Software Foundation\Apache2.2\htdocs\proyectoestudio\univeonline\protected\views\layouts\column1.php(6): SiteController->endContent()
#7 C:\Program Files (x86)\Apache Software Foundation\Apache2.2\htdocs\yii\framework\web\CBaseController.php(126): require()
#8 C:\Program Files (x86)\Apache Software Foundation\Apache2.2\htdocs\yii\framework\web\CBaseController.php(95): SiteController->renderInternal()
#9 C:\Program Files (x86)\Apache Software Foundation\Apache2.2\htdocs\yii\framework\web\CController.php(784): SiteController->renderFile()
#10 C:\Program Files (x86)\Apache Software Foundation\Apache2.2\htdocs\proyectoestudio\univeonline\protected\controllers\SiteController.php(32): SiteController->render()
#11 C:\Program Files (x86)\Apache Software Foundation\Apache2.2\htdocs\yii\framework\web\actions\CInlineAction.php(49): SiteController->actionIndex()
#12 C:\Program Files (x86)\Apache Software Foundation\Apache2.2\htdocs\yii\framework\web\CController.php(308): CInlineAction->runWithParams()
#13 C:\Program Files (x86)\Apache Software Foundation\Apache2.2\htdocs\yii\framework\web\CController.php(286): SiteController->runAction()
#14 C:\Program Files (x86)\Apache Software Foundation\Apache2.2\htdocs\yii\framework\web\CController.php(265): SiteController->runActionWithFilters()
#15 C:\Program Files (x86)\Apache Software Foundation\Apache2.2\htdocs\yii\framework\web\CWebApplication.php(282): SiteController->run()
#16 C:\Program Files (x86)\Apache Software Foundation\Apache2.2\htdocs\yii\framework\web\CWebApplication.php(141): CWebApplication->runController()
#17 C:\Program Files (x86)\Apache Software Foundation\Apache2.2\htdocs\yii\framework\base\CApplication.php(169): CWebApplication->processRequest()
#18 C:\Program Files (x86)\Apache Software Foundation\Apache2.2\htdocs\proyectoestudio\univeonline\index.php(13): CWebApplication->run()
REQUEST_URI=/proyectoestudio/univeonline/index.php?r=site/index
in C:\Program Files (x86)\Apache Software Foundation\Apache2.2\htdocs\proyectoestudio\univeonline\themes\bootstrap\views\layouts\main.php (15)
in C:\Program Files (x86)\Apache Software Foundation\Apache2.2\htdocs\proyectoestudio\univeonline\protected\views\layouts\column1.php (6)
in C:\Program Files (x86)\Apache Software Foundation\Apache2.2\htdocs\proyectoestudio\univeonline\protected\controllers\SiteController.php (32)
